Performing C SOURCE FILE Test CMAKE_HAVE_LIBC_PTHREAD failed with the following output:
Change Dir: /home/csmajs/dmase002/lab-06-code-coverage-wdo008-dmase002-lab-6/CMakeFiles/CMakeTmp

Run Build Command(s):/usr/bin/gmake -f Makefile cmTC_9176f/fast && /usr/bin/gmake  -f CMakeFiles/cmTC_9176f.dir/build.make CMakeFiles/cmTC_9176f.dir/build
gmake[1]: Entering directory '/data/home/csmajs/dmase002/lab-06-code-coverage-wdo008-dmase002-lab-6/CMakeFiles/CMakeTmp'
Building C object CMakeFiles/cmTC_9176f.dir/src.c.o
/usr/bin/cc -DCMAKE_HAVE_LIBC_PTHREAD   -o CMakeFiles/cmTC_9176f.dir/src.c.o -c /home/csmajs/dmase002/lab-06-code-coverage-wdo008-dmase002-lab-6/CMakeFiles/CMakeTmp/src.c
Linking C executable cmTC_9176f
/usr/bin/cmake -E cmake_link_script CMakeFiles/cmTC_9176f.dir/link.txt --verbose=1
/usr/bin/cc CMakeFiles/cmTC_9176f.dir/src.c.o -o cmTC_9176f 
CMakeFiles/cmTC_9176f.dir/src.c.o: In function `main':
src.c:(.text+0x2d): undefined reference to `pthread_create'
src.c:(.text+0x39): undefined reference to `pthread_detach'
src.c:(.text+0x45): undefined reference to `pthread_cancel'
src.c:(.text+0x56): undefined reference to `pthread_join'
collect2: error: ld returned 1 exit status
gmake[1]: *** [CMakeFiles/cmTC_9176f.dir/build.make:99: cmTC_9176f] Error 1
gmake[1]: Leaving directory '/data/home/csmajs/dmase002/lab-06-code-coverage-wdo008-dmase002-lab-6/CMakeFiles/CMakeTmp'
gmake: *** [Makefile:127: cmTC_9176f/fast] Error 2


Source file was:
#include <pthread.h>

static void* test_func(void* data)
{
  return data;
}

int main(void)
{
  pthread_t thread;
  pthread_create(&thread, NULL, test_func, NULL);
  pthread_detach(thread);
  pthread_cancel(thread);
  pthread_join(thread, NULL);
  pthread_atfork(NULL, NULL, NULL);
  pthread_exit(NULL);

  return 0;
}

Determining if the function pthread_create exists in the pthreads failed with the following output:
Change Dir: /home/csmajs/dmase002/lab-06-code-coverage-wdo008-dmase002-lab-6/CMakeFiles/CMakeTmp

Run Build Command(s):/usr/bin/gmake -f Makefile cmTC_87d97/fast && /usr/bin/gmake  -f CMakeFiles/cmTC_87d97.dir/build.make CMakeFiles/cmTC_87d97.dir/build
gmake[1]: Entering directory '/data/home/csmajs/dmase002/lab-06-code-coverage-wdo008-dmase002-lab-6/CMakeFiles/CMakeTmp'
Building C object CMakeFiles/cmTC_87d97.dir/CheckFunctionExists.c.o
/usr/bin/cc   -DCHECK_FUNCTION_EXISTS=pthread_create -o CMakeFiles/cmTC_87d97.dir/CheckFunctionExists.c.o -c /usr/share/cmake/Modules/CheckFunctionExists.c
Linking C executable cmTC_87d97
/usr/bin/cmake -E cmake_link_script CMakeFiles/cmTC_87d97.dir/link.txt --verbose=1
/usr/bin/cc  -DCHECK_FUNCTION_EXISTS=pthread_create CMakeFiles/cmTC_87d97.dir/CheckFunctionExists.c.o -o cmTC_87d97  -lpthreads 
/usr/bin/ld: cannot find -lpthreads
collect2: error: ld returned 1 exit status
gmake[1]: *** [CMakeFiles/cmTC_87d97.dir/build.make:99: cmTC_87d97] Error 1
gmake[1]: Leaving directory '/data/home/csmajs/dmase002/lab-06-code-coverage-wdo008-dmase002-lab-6/CMakeFiles/CMakeTmp'
gmake: *** [Makefile:127: cmTC_87d97/fast] Error 2



